12:01:26.809 [main] INFO  net.safety.alerts.integration.ChildAlertIntegrationTest - Starting ChildAlertIntegrationTest using Java 21.0.1 with PID 12284 (started by B294LQ in C:\Users\B294LQ\OneDrive - AXA\Desktop\Formation Java\Projet 5\SafetyNetAlerts-PM)
12:01:26.838 [main] DEBUG net.safety.alerts.integration.ChildAlertIntegrationTest - Running with Spring Boot v3.2.2, Spring v6.1.3
12:01:26.838 [main] INFO  net.safety.alerts.integration.ChildAlertIntegrationTest - No active profile set, falling back to 1 default profile: "default"
12:01:29.020 [main] INFO  net.safety.alerts.integration.ChildAlertIntegrationTest - Started ChildAlertIntegrationTest in 2.955 seconds (process running for 6.055)
12:01:30.513 [main] INFO  net.safety.alerts.controller.ChildAlertController - Request launched : http://localhost/childAlert?address=1509%20Culver%20St
12:01:30.630 [main] DEBUG net.safety.alerts.service.ChildAlertService - When calling getAddressOccurrence, count for address 1509 Culver St is 5.
12:01:30.639 [main] DEBUG net.safety.alerts.service.ChildAlertService - Children list retrieved from address 1509 Culver St has size 2
12:01:30.639 [main] DEBUG net.safety.alerts.service.ChildAlertService - Adult list retrieved from address 1509 Culver St has size 3
12:01:30.833 [main] INFO  net.safety.alerts.controller.ChildAlertController - Request launched : http://localhost/childAlert?address=1510%20Culver%20St
12:01:30.835 [main] DEBUG net.safety.alerts.service.ChildAlertService - When calling getAddressOccurrence, count for address 1510 Culver St is 0.
12:01:30.922 [main] INFO  net.safety.alerts.controller.CommunityEmailController - Request launched : http://localhost/communityEmail?city=Culver
12:01:30.924 [main] DEBUG net.safety.alerts.service.CommunityEmailService - Emails retrieved from city [jaboyd@email.com, drk@email.com, tenz@email.com, jaboyd@email.com, jaboyd@email.com, drk@email.com, tenz@email.com, jaboyd@email.com, jaboyd@email.com, tcoop@ymail.com, lily@email.com, soph@email.com, ward@email.com, zarc@email.com, reg@email.com, jpeter@email.com, jpeter@email.com, aly@imail.com, bstel@email.com, ssanw@email.com, bstel@email.com, clivfd@ymail.com, gramps@email.com] : 
12:01:30.933 [main] INFO  net.safety.alerts.controller.CommunityEmailController - Request launched : http://localhost/communityEmail?city=culver
12:01:30.940 [main] DEBUG net.safety.alerts.service.CommunityEmailService - Emails retrieved from city [jaboyd@email.com, drk@email.com, tenz@email.com, jaboyd@email.com, jaboyd@email.com, drk@email.com, tenz@email.com, jaboyd@email.com, jaboyd@email.com, tcoop@ymail.com, lily@email.com, soph@email.com, ward@email.com, zarc@email.com, reg@email.com, jpeter@email.com, jpeter@email.com, aly@imail.com, bstel@email.com, ssanw@email.com, bstel@email.com, clivfd@ymail.com, gramps@email.com] : 
12:01:30.947 [main] INFO  net.safety.alerts.controller.CommunityEmailController - Request launched : http://localhost/communityEmail?city=culveR
12:01:30.949 [main] DEBUG net.safety.alerts.service.CommunityEmailService - Emails retrieved from city [jaboyd@email.com, drk@email.com, tenz@email.com, jaboyd@email.com, jaboyd@email.com, drk@email.com, tenz@email.com, jaboyd@email.com, jaboyd@email.com, tcoop@ymail.com, lily@email.com, soph@email.com, ward@email.com, zarc@email.com, reg@email.com, jpeter@email.com, jpeter@email.com, aly@imail.com, bstel@email.com, ssanw@email.com, bstel@email.com, clivfd@ymail.com, gramps@email.com] : 
12:01:30.957 [main] INFO  net.safety.alerts.controller.CommunityEmailController - Request launched : http://localhost/communityEmail?city=Los%20Angeles
12:01:30.959 [main] ERROR net.safety.alerts.service.CommunityEmailService - City name Los Angeles not found in the list of person's address.
12:01:30.967 [main] INFO  net.safety.alerts.controller.CommunityEmailController - Request launched : http://localhost/communityEmail?city=New%20York
12:01:30.968 [main] ERROR net.safety.alerts.service.CommunityEmailService - City name New York not found in the list of person's address.
12:01:30.974 [main] INFO  net.safety.alerts.controller.CommunityEmailController - Request launched : http://localhost/communityEmail?city=Miami
12:01:30.976 [main] ERROR net.safety.alerts.service.CommunityEmailService - City name Miami not found in the list of person's address.
12:01:30.983 [main] INFO  net.safety.alerts.controller.CommunityEmailController - Request launched : http://localhost/communityEmail?city=Cul%20ver
12:01:30.985 [main] ERROR net.safety.alerts.service.CommunityEmailService - City name Cul ver not found in the list of person's address.
12:01:30.989 [main] INFO  net.safety.alerts.controller.CommunityEmailController - Request launched : http://localhost/communityEmail?city=%20culver
12:01:30.990 [main] ERROR net.safety.alerts.service.CommunityEmailService - City name  culver not found in the list of person's address.
12:01:31.025 [main] INFO  net.safety.alerts.controller.FireController - Request launched : http://localhost/fire?address=834%20Binoc%20Av
12:01:31.026 [main] DEBUG net.safety.alerts.service.FireService - In getStationNumberByAddress(834 Binoc Av), station number retrieved is null
12:01:31.027 [main] ERROR net.safety.alerts.service.FireService - No station was retrieved when searching by address for address 834 Binoc Av
12:01:31.031 [main] INFO  net.safety.alerts.controller.FireController - Request launched : http://localhost/fire?address=834%20Binoc%20Ave
12:01:31.033 [main] DEBUG net.safety.alerts.service.FireService - In getStationNumberByAddress(834 Binoc Ave), station number retrieved is 3
12:01:31.035 [main] DEBUG net.safety.alerts.service.FireService - In getStationNumberByAddress(834 Binoc Ave), station number retrieved is 3
12:01:31.036 [main] DEBUG net.safety.alerts.service.FireService - Size of medicalRecords is : 23
12:01:31.037 [main] DEBUG net.safety.alerts.service.FireService - Size of person list is : 23
12:01:31.038 [main] DEBUG net.safety.alerts.service.FireService - List of person with medical info is not empty : [PersonMedicalDataDTO(fullName=Tessa Carman, phone=841-874-6512, age=12, medicalInfos={allergies=[], medications=[]})]
12:01:31.130 [main] INFO  net.safety.alerts.controller.FireStationController - Request launched : http://localhost/firestation?stationNumber=1&stations=1
12:01:31.151 [main] DEBUG net.safety.alerts.service.FireStationService - Number of adults retrieved from method getNumberOfAdults(1) is 5
12:01:31.153 [main] DEBUG net.safety.alerts.service.FireStationService - Number of children retrieved from method getNumberOfChildren(1) is 1
12:01:31.164 [main] INFO  net.safety.alerts.controller.FireStationController - Request launched : http://localhost/firestation?stationNumber=6&stations=6
12:01:31.165 [main] DEBUG net.safety.alerts.service.FireStationService - No station number 6 exists in the list of firestations.
12:01:31.166 [main] DEBUG net.safety.alerts.controller.FireStationController - Station number 6 does not exist.
12:01:31.196 [main] INFO  net.safety.alerts.controller.FloodController - Request launched : http://localhost/flood/stations?stations=4
12:01:31.200 [main] INFO  net.safety.alerts.service.FloodService - Get the list of addresses from station number 4
12:01:31.205 [main] INFO  net.safety.alerts.service.FloodService - Get list of person covered by address 489 Manchester St
12:01:31.206 [main] DEBUG net.safety.alerts.service.FloodService - List of person covered by address 489 Manchester St : [Person(firstName=Lily, lastName=Cooper, address=489 Manchester St, city=Culver, zip=97451, phone=841-874-9845, email=lily@email.com)]
12:01:31.210 [main] INFO  net.safety.alerts.service.FloodService - Map list of persons to their medical data
12:01:31.211 [main] INFO  net.safety.alerts.service.FloodService - Add a list of persons covered by address 489 Manchester St to the list of flood dto
12:01:31.212 [main] INFO  net.safety.alerts.service.FloodService - Get list of person covered by address 112 Steppes Pl
12:01:31.212 [main] DEBUG net.safety.alerts.service.FloodService - List of person covered by address 112 Steppes Pl : [Person(firstName=Tony, lastName=Cooper, address=112 Steppes Pl, city=Culver, zip=97451, phone=841-874-6874, email=tcoop@ymail.com), Person(firstName=Ron, lastName=Peters, address=112 Steppes Pl, city=Culver, zip=97451, phone=841-874-8888, email=jpeter@email.com), Person(firstName=Allison, lastName=Boyd, address=112 Steppes Pl, city=Culver, zip=97451, phone=841-874-9888, email=aly@imail.com)]
12:01:31.212 [main] INFO  net.safety.alerts.service.FloodService - Map list of persons to their medical data
12:01:31.212 [main] INFO  net.safety.alerts.service.FloodService - Add a list of persons covered by address 112 Steppes Pl to the list of flood dto
12:01:31.241 [main] INFO  net.safety.alerts.controller.FloodController - Request launched : http://localhost/flood/stations?stations=6
12:01:31.243 [main] DEBUG net.safety.alerts.service.FireStationService - No station number 6 exists in the list of firestations.
12:01:31.243 [main] DEBUG net.safety.alerts.controller.FloodController - Station number 6 does not exist.
12:01:31.293 [main] INFO  net.safety.alerts.controller.PersonInfoController - Request launched : http://localhost/personInfo?firstName&lastName=Boyd
12:01:31.296 [main] DEBUG net.safety.alerts.service.PersonInfoService - Almost one person was found with lastname Boyd
12:01:31.297 [main] INFO  net.safety.alerts.service.PersonInfoService - Create a list of person found with lastname : Boyd
12:01:31.302 [main] DEBUG net.safety.alerts.service.PersonInfoService - List of persons found with lastname Boyd : [Person(firstName=John, lastName=Boyd, address=1509 Culver St, city=Culver, zip=97451, phone=841-874-6512, email=jaboyd@email.com), Person(firstName=Jacob, lastName=Boyd, address=1509 Culver St, city=Culver, zip=97451, phone=841-874-6513, email=drk@email.com), Person(firstName=Tenley, lastName=Boyd, address=1509 Culver St, city=Culver, zip=97451, phone=841-874-6512, email=tenz@email.com), Person(firstName=Roger, lastName=Boyd, address=1509 Culver St, city=Culver, zip=97451, phone=841-874-6512, email=jaboyd@email.com), Person(firstName=Felicia, lastName=Boyd, address=1509 Culver St, city=Culver, zip=97451, phone=841-874-6544, email=jaboyd@email.com), Person(firstName=Allison, lastName=Boyd, address=112 Steppes Pl, city=Culver, zip=97451, phone=841-874-9888, email=aly@imail.com)]
12:01:31.307 [main] INFO  net.safety.alerts.service.PersonInfoService - Create a list of persons having the same lastname Boyd
12:01:31.307 [main] DEBUG net.safety.alerts.service.PersonInfoService - For firstname John and lastname Boyd, create person infos object
12:01:31.308 [main] DEBUG net.safety.alerts.service.PersonInfoService - For firstname Jacob and lastname Boyd, create person infos object
12:01:31.308 [main] DEBUG net.safety.alerts.service.PersonInfoService - For firstname Tenley and lastname Boyd, create person infos object
12:01:31.308 [main] DEBUG net.safety.alerts.service.PersonInfoService - For firstname Roger and lastname Boyd, create person infos object
12:01:31.308 [main] DEBUG net.safety.alerts.service.PersonInfoService - For firstname Felicia and lastname Boyd, create person infos object
12:01:31.308 [main] DEBUG net.safety.alerts.service.PersonInfoService - For firstname Allison and lastname Boyd, create person infos object
12:01:31.308 [main] DEBUG net.safety.alerts.service.PersonInfoService - List of persons with medical data added : [PersonInfoDTO(fullName=John Boyd, address=1509 Culver St, age=39, email=jaboyd@email.com, medicalInfos={allergies=[nillacilan], medications=[aznol:350mg, hydrapermazol:100mg]}), PersonInfoDTO(fullName=Jacob Boyd, address=1509 Culver St, age=34, email=drk@email.com, medicalInfos={allergies=[], medications=[pharmacol:5000mg, terazine:10mg, noznazol:250mg]}), PersonInfoDTO(fullName=Tenley Boyd, address=1509 Culver St, age=12, email=tenz@email.com, medicalInfos={allergies=[peanut], medications=[]}), PersonInfoDTO(fullName=Roger Boyd, address=1509 Culver St, age=6, email=jaboyd@email.com, medicalInfos={allergies=[], medications=[]}), PersonInfoDTO(fullName=Felicia Boyd, address=1509 Culver St, age=38, email=jaboyd@email.com, medicalInfos={allergies=[xilliathal], medications=[tetracyclaz:650mg]}), PersonInfoDTO(fullName=Allison Boyd, address=112 Steppes Pl, age=58, email=aly@imail.com, medicalInfos={allergies=[nillacilan], medications=[aznol:200mg]})]
12:01:31.323 [main] INFO  net.safety.alerts.controller.PersonInfoController - Request launched : http://localhost/personInfo?firstName&lastName=BOYD
12:01:31.326 [main] DEBUG net.safety.alerts.service.PersonInfoService - Almost one person was found with lastname BOYD
12:01:31.327 [main] INFO  net.safety.alerts.service.PersonInfoService - Create a list of person found with lastname : BOYD
12:01:31.328 [main] DEBUG net.safety.alerts.service.PersonInfoService - List of persons found with lastname BOYD : [Person(firstName=John, lastName=Boyd, address=1509 Culver St, city=Culver, zip=97451, phone=841-874-6512, email=jaboyd@email.com), Person(firstName=Jacob, lastName=Boyd, address=1509 Culver St, city=Culver, zip=97451, phone=841-874-6513, email=drk@email.com), Person(firstName=Tenley, lastName=Boyd, address=1509 Culver St, city=Culver, zip=97451, phone=841-874-6512, email=tenz@email.com), Person(firstName=Roger, lastName=Boyd, address=1509 Culver St, city=Culver, zip=97451, phone=841-874-6512, email=jaboyd@email.com), Person(firstName=Felicia, lastName=Boyd, address=1509 Culver St, city=Culver, zip=97451, phone=841-874-6544, email=jaboyd@email.com), Person(firstName=Allison, lastName=Boyd, address=112 Steppes Pl, city=Culver, zip=97451, phone=841-874-9888, email=aly@imail.com)]
12:01:31.329 [main] INFO  net.safety.alerts.service.PersonInfoService - Create a list of persons having the same lastname BOYD
12:01:31.329 [main] DEBUG net.safety.alerts.service.PersonInfoService - For firstname John and lastname Boyd, create person infos object
12:01:31.329 [main] DEBUG net.safety.alerts.service.PersonInfoService - For firstname Jacob and lastname Boyd, create person infos object
12:01:31.330 [main] DEBUG net.safety.alerts.service.PersonInfoService - For firstname Tenley and lastname Boyd, create person infos object
12:01:31.330 [main] DEBUG net.safety.alerts.service.PersonInfoService - For firstname Roger and lastname Boyd, create person infos object
12:01:31.330 [main] DEBUG net.safety.alerts.service.PersonInfoService - For firstname Felicia and lastname Boyd, create person infos object
12:01:31.330 [main] DEBUG net.safety.alerts.service.PersonInfoService - For firstname Allison and lastname Boyd, create person infos object
12:01:31.330 [main] DEBUG net.safety.alerts.service.PersonInfoService - List of persons with medical data added : [PersonInfoDTO(fullName=John Boyd, address=1509 Culver St, age=39, email=jaboyd@email.com, medicalInfos={allergies=[nillacilan], medications=[aznol:350mg, hydrapermazol:100mg]}), PersonInfoDTO(fullName=Jacob Boyd, address=1509 Culver St, age=34, email=drk@email.com, medicalInfos={allergies=[], medications=[pharmacol:5000mg, terazine:10mg, noznazol:250mg]}), PersonInfoDTO(fullName=Tenley Boyd, address=1509 Culver St, age=12, email=tenz@email.com, medicalInfos={allergies=[peanut], medications=[]}), PersonInfoDTO(fullName=Roger Boyd, address=1509 Culver St, age=6, email=jaboyd@email.com, medicalInfos={allergies=[], medications=[]}), PersonInfoDTO(fullName=Felicia Boyd, address=1509 Culver St, age=38, email=jaboyd@email.com, medicalInfos={allergies=[xilliathal], medications=[tetracyclaz:650mg]}), PersonInfoDTO(fullName=Allison Boyd, address=112 Steppes Pl, age=58, email=aly@imail.com, medicalInfos={allergies=[nillacilan], medications=[aznol:200mg]})]
12:01:31.336 [main] INFO  net.safety.alerts.controller.PersonInfoController - Request launched : http://localhost/personInfo?firstName&lastName=boyd
12:01:31.337 [main] DEBUG net.safety.alerts.service.PersonInfoService - Almost one person was found with lastname boyd
12:01:31.337 [main] INFO  net.safety.alerts.service.PersonInfoService - Create a list of person found with lastname : boyd
12:01:31.338 [main] DEBUG net.safety.alerts.service.PersonInfoService - List of persons found with lastname boyd : [Person(firstName=John, lastName=Boyd, address=1509 Culver St, city=Culver, zip=97451, phone=841-874-6512, email=jaboyd@email.com), Person(firstName=Jacob, lastName=Boyd, address=1509 Culver St, city=Culver, zip=97451, phone=841-874-6513, email=drk@email.com), Person(firstName=Tenley, lastName=Boyd, address=1509 Culver St, city=Culver, zip=97451, phone=841-874-6512, email=tenz@email.com), Person(firstName=Roger, lastName=Boyd, address=1509 Culver St, city=Culver, zip=97451, phone=841-874-6512, email=jaboyd@email.com), Person(firstName=Felicia, lastName=Boyd, address=1509 Culver St, city=Culver, zip=97451, phone=841-874-6544, email=jaboyd@email.com), Person(firstName=Allison, lastName=Boyd, address=112 Steppes Pl, city=Culver, zip=97451, phone=841-874-9888, email=aly@imail.com)]
12:01:31.340 [main] INFO  net.safety.alerts.service.PersonInfoService - Create a list of persons having the same lastname boyd
12:01:31.340 [main] DEBUG net.safety.alerts.service.PersonInfoService - For firstname John and lastname Boyd, create person infos object
12:01:31.340 [main] DEBUG net.safety.alerts.service.PersonInfoService - For firstname Jacob and lastname Boyd, create person infos object
12:01:31.340 [main] DEBUG net.safety.alerts.service.PersonInfoService - For firstname Tenley and lastname Boyd, create person infos object
12:01:31.340 [main] DEBUG net.safety.alerts.service.PersonInfoService - For firstname Roger and lastname Boyd, create person infos object
12:01:31.340 [main] DEBUG net.safety.alerts.service.PersonInfoService - For firstname Felicia and lastname Boyd, create person infos object
12:01:31.341 [main] DEBUG net.safety.alerts.service.PersonInfoService - For firstname Allison and lastname Boyd, create person infos object
12:01:31.341 [main] DEBUG net.safety.alerts.service.PersonInfoService - List of persons with medical data added : [PersonInfoDTO(fullName=John Boyd, address=1509 Culver St, age=39, email=jaboyd@email.com, medicalInfos={allergies=[nillacilan], medications=[aznol:350mg, hydrapermazol:100mg]}), PersonInfoDTO(fullName=Jacob Boyd, address=1509 Culver St, age=34, email=drk@email.com, medicalInfos={allergies=[], medications=[pharmacol:5000mg, terazine:10mg, noznazol:250mg]}), PersonInfoDTO(fullName=Tenley Boyd, address=1509 Culver St, age=12, email=tenz@email.com, medicalInfos={allergies=[peanut], medications=[]}), PersonInfoDTO(fullName=Roger Boyd, address=1509 Culver St, age=6, email=jaboyd@email.com, medicalInfos={allergies=[], medications=[]}), PersonInfoDTO(fullName=Felicia Boyd, address=1509 Culver St, age=38, email=jaboyd@email.com, medicalInfos={allergies=[xilliathal], medications=[tetracyclaz:650mg]}), PersonInfoDTO(fullName=Allison Boyd, address=112 Steppes Pl, age=58, email=aly@imail.com, medicalInfos={allergies=[nillacilan], medications=[aznol:200mg]})]
12:01:31.345 [main] INFO  net.safety.alerts.controller.PersonInfoController - Request launched : http://localhost/personInfo?firstName&lastName=bOyd
12:01:31.347 [main] DEBUG net.safety.alerts.service.PersonInfoService - Almost one person was found with lastname bOyd
12:01:31.347 [main] INFO  net.safety.alerts.service.PersonInfoService - Create a list of person found with lastname : bOyd
12:01:31.350 [main] DEBUG net.safety.alerts.service.PersonInfoService - List of persons found with lastname bOyd : [Person(firstName=John, lastName=Boyd, address=1509 Culver St, city=Culver, zip=97451, phone=841-874-6512, email=jaboyd@email.com), Person(firstName=Jacob, lastName=Boyd, address=1509 Culver St, city=Culver, zip=97451, phone=841-874-6513, email=drk@email.com), Person(firstName=Tenley, lastName=Boyd, address=1509 Culver St, city=Culver, zip=97451, phone=841-874-6512, email=tenz@email.com), Person(firstName=Roger, lastName=Boyd, address=1509 Culver St, city=Culver, zip=97451, phone=841-874-6512, email=jaboyd@email.com), Person(firstName=Felicia, lastName=Boyd, address=1509 Culver St, city=Culver, zip=97451, phone=841-874-6544, email=jaboyd@email.com), Person(firstName=Allison, lastName=Boyd, address=112 Steppes Pl, city=Culver, zip=97451, phone=841-874-9888, email=aly@imail.com)]
12:01:31.355 [main] INFO  net.safety.alerts.service.PersonInfoService - Create a list of persons having the same lastname bOyd
12:01:31.355 [main] DEBUG net.safety.alerts.service.PersonInfoService - For firstname John and lastname Boyd, create person infos object
12:01:31.355 [main] DEBUG net.safety.alerts.service.PersonInfoService - For firstname Jacob and lastname Boyd, create person infos object
12:01:31.355 [main] DEBUG net.safety.alerts.service.PersonInfoService - For firstname Tenley and lastname Boyd, create person infos object
12:01:31.356 [main] DEBUG net.safety.alerts.service.PersonInfoService - For firstname Roger and lastname Boyd, create person infos object
12:01:31.356 [main] DEBUG net.safety.alerts.service.PersonInfoService - For firstname Felicia and lastname Boyd, create person infos object
12:01:31.356 [main] DEBUG net.safety.alerts.service.PersonInfoService - For firstname Allison and lastname Boyd, create person infos object
12:01:31.356 [main] DEBUG net.safety.alerts.service.PersonInfoService - List of persons with medical data added : [PersonInfoDTO(fullName=John Boyd, address=1509 Culver St, age=39, email=jaboyd@email.com, medicalInfos={allergies=[nillacilan], medications=[aznol:350mg, hydrapermazol:100mg]}), PersonInfoDTO(fullName=Jacob Boyd, address=1509 Culver St, age=34, email=drk@email.com, medicalInfos={allergies=[], medications=[pharmacol:5000mg, terazine:10mg, noznazol:250mg]}), PersonInfoDTO(fullName=Tenley Boyd, address=1509 Culver St, age=12, email=tenz@email.com, medicalInfos={allergies=[peanut], medications=[]}), PersonInfoDTO(fullName=Roger Boyd, address=1509 Culver St, age=6, email=jaboyd@email.com, medicalInfos={allergies=[], medications=[]}), PersonInfoDTO(fullName=Felicia Boyd, address=1509 Culver St, age=38, email=jaboyd@email.com, medicalInfos={allergies=[xilliathal], medications=[tetracyclaz:650mg]}), PersonInfoDTO(fullName=Allison Boyd, address=112 Steppes Pl, age=58, email=aly@imail.com, medicalInfos={allergies=[nillacilan], medications=[aznol:200mg]})]
12:01:31.408 [main] INFO  net.safety.alerts.controller.PersonInfoController - Request launched : http://localhost/personInfo?firstName=Al&lastName=Boyd
12:01:31.409 [main] ERROR net.safety.alerts.controller.PersonInfoController - Person with firstname "Al" and lastname Boyd was not found.
12:01:31.414 [main] INFO  net.safety.alerts.controller.PersonInfoController - Request launched : http://localhost/personInfo?firstName=Tessa&lastName=Carma
12:01:31.414 [main] ERROR net.safety.alerts.controller.PersonInfoController - Person with firstname "Tessa" and lastname Carma was not found.
12:01:31.419 [main] INFO  net.safety.alerts.controller.PersonInfoController - Request launched : http://localhost/personInfo?firstName&lastName=Boyd
12:01:31.420 [main] DEBUG net.safety.alerts.service.PersonInfoService - Almost one person was found with lastname Boyd
12:01:31.420 [main] INFO  net.safety.alerts.service.PersonInfoService - Create a list of person found with lastname : Boyd
12:01:31.421 [main] DEBUG net.safety.alerts.service.PersonInfoService - List of persons found with lastname Boyd : [Person(firstName=John, lastName=Boyd, address=1509 Culver St, city=Culver, zip=97451, phone=841-874-6512, email=jaboyd@email.com), Person(firstName=Jacob, lastName=Boyd, address=1509 Culver St, city=Culver, zip=97451, phone=841-874-6513, email=drk@email.com), Person(firstName=Tenley, lastName=Boyd, address=1509 Culver St, city=Culver, zip=97451, phone=841-874-6512, email=tenz@email.com), Person(firstName=Roger, lastName=Boyd, address=1509 Culver St, city=Culver, zip=97451, phone=841-874-6512, email=jaboyd@email.com), Person(firstName=Felicia, lastName=Boyd, address=1509 Culver St, city=Culver, zip=97451, phone=841-874-6544, email=jaboyd@email.com), Person(firstName=Allison, lastName=Boyd, address=112 Steppes Pl, city=Culver, zip=97451, phone=841-874-9888, email=aly@imail.com)]
12:01:31.424 [main] INFO  net.safety.alerts.service.PersonInfoService - Create a list of persons having the same lastname Boyd
12:01:31.424 [main] DEBUG net.safety.alerts.service.PersonInfoService - For firstname John and lastname Boyd, create person infos object
12:01:31.425 [main] DEBUG net.safety.alerts.service.PersonInfoService - For firstname Jacob and lastname Boyd, create person infos object
12:01:31.425 [main] DEBUG net.safety.alerts.service.PersonInfoService - For firstname Tenley and lastname Boyd, create person infos object
12:01:31.425 [main] DEBUG net.safety.alerts.service.PersonInfoService - For firstname Roger and lastname Boyd, create person infos object
12:01:31.425 [main] DEBUG net.safety.alerts.service.PersonInfoService - For firstname Felicia and lastname Boyd, create person infos object
12:01:31.425 [main] DEBUG net.safety.alerts.service.PersonInfoService - For firstname Allison and lastname Boyd, create person infos object
12:01:31.425 [main] DEBUG net.safety.alerts.service.PersonInfoService - List of persons with medical data added : [PersonInfoDTO(fullName=John Boyd, address=1509 Culver St, age=39, email=jaboyd@email.com, medicalInfos={allergies=[nillacilan], medications=[aznol:350mg, hydrapermazol:100mg]}), PersonInfoDTO(fullName=Jacob Boyd, address=1509 Culver St, age=34, email=drk@email.com, medicalInfos={allergies=[], medications=[pharmacol:5000mg, terazine:10mg, noznazol:250mg]}), PersonInfoDTO(fullName=Tenley Boyd, address=1509 Culver St, age=12, email=tenz@email.com, medicalInfos={allergies=[peanut], medications=[]}), PersonInfoDTO(fullName=Roger Boyd, address=1509 Culver St, age=6, email=jaboyd@email.com, medicalInfos={allergies=[], medications=[]}), PersonInfoDTO(fullName=Felicia Boyd, address=1509 Culver St, age=38, email=jaboyd@email.com, medicalInfos={allergies=[xilliathal], medications=[tetracyclaz:650mg]}), PersonInfoDTO(fullName=Allison Boyd, address=112 Steppes Pl, age=58, email=aly@imail.com, medicalInfos={allergies=[nillacilan], medications=[aznol:200mg]})]
12:01:31.429 [main] INFO  net.safety.alerts.controller.PersonInfoController - Request launched : http://localhost/personInfo?firstName&lastName=BOYD
12:01:31.430 [main] DEBUG net.safety.alerts.service.PersonInfoService - Almost one person was found with lastname BOYD
12:01:31.430 [main] INFO  net.safety.alerts.service.PersonInfoService - Create a list of person found with lastname : BOYD
12:01:31.431 [main] DEBUG net.safety.alerts.service.PersonInfoService - List of persons found with lastname BOYD : [Person(firstName=John, lastName=Boyd, address=1509 Culver St, city=Culver, zip=97451, phone=841-874-6512, email=jaboyd@email.com), Person(firstName=Jacob, lastName=Boyd, address=1509 Culver St, city=Culver, zip=97451, phone=841-874-6513, email=drk@email.com), Person(firstName=Tenley, lastName=Boyd, address=1509 Culver St, city=Culver, zip=97451, phone=841-874-6512, email=tenz@email.com), Person(firstName=Roger, lastName=Boyd, address=1509 Culver St, city=Culver, zip=97451, phone=841-874-6512, email=jaboyd@email.com), Person(firstName=Felicia, lastName=Boyd, address=1509 Culver St, city=Culver, zip=97451, phone=841-874-6544, email=jaboyd@email.com), Person(firstName=Allison, lastName=Boyd, address=112 Steppes Pl, city=Culver, zip=97451, phone=841-874-9888, email=aly@imail.com)]
12:01:31.432 [main] INFO  net.safety.alerts.service.PersonInfoService - Create a list of persons having the same lastname BOYD
12:01:31.432 [main] DEBUG net.safety.alerts.service.PersonInfoService - For firstname John and lastname Boyd, create person infos object
12:01:31.432 [main] DEBUG net.safety.alerts.service.PersonInfoService - For firstname Jacob and lastname Boyd, create person infos object
12:01:31.432 [main] DEBUG net.safety.alerts.service.PersonInfoService - For firstname Tenley and lastname Boyd, create person infos object
12:01:31.433 [main] DEBUG net.safety.alerts.service.PersonInfoService - For firstname Roger and lastname Boyd, create person infos object
12:01:31.433 [main] DEBUG net.safety.alerts.service.PersonInfoService - For firstname Felicia and lastname Boyd, create person infos object
12:01:31.433 [main] DEBUG net.safety.alerts.service.PersonInfoService - For firstname Allison and lastname Boyd, create person infos object
12:01:31.434 [main] DEBUG net.safety.alerts.service.PersonInfoService - List of persons with medical data added : [PersonInfoDTO(fullName=John Boyd, address=1509 Culver St, age=39, email=jaboyd@email.com, medicalInfos={allergies=[nillacilan], medications=[aznol:350mg, hydrapermazol:100mg]}), PersonInfoDTO(fullName=Jacob Boyd, address=1509 Culver St, age=34, email=drk@email.com, medicalInfos={allergies=[], medications=[pharmacol:5000mg, terazine:10mg, noznazol:250mg]}), PersonInfoDTO(fullName=Tenley Boyd, address=1509 Culver St, age=12, email=tenz@email.com, medicalInfos={allergies=[peanut], medications=[]}), PersonInfoDTO(fullName=Roger Boyd, address=1509 Culver St, age=6, email=jaboyd@email.com, medicalInfos={allergies=[], medications=[]}), PersonInfoDTO(fullName=Felicia Boyd, address=1509 Culver St, age=38, email=jaboyd@email.com, medicalInfos={allergies=[xilliathal], medications=[tetracyclaz:650mg]}), PersonInfoDTO(fullName=Allison Boyd, address=112 Steppes Pl, age=58, email=aly@imail.com, medicalInfos={allergies=[nillacilan], medications=[aznol:200mg]})]
12:01:31.438 [main] INFO  net.safety.alerts.controller.PersonInfoController - Request launched : http://localhost/personInfo?firstName&lastName=boyd
12:01:31.439 [main] DEBUG net.safety.alerts.service.PersonInfoService - Almost one person was found with lastname boyd
12:01:31.439 [main] INFO  net.safety.alerts.service.PersonInfoService - Create a list of person found with lastname : boyd
12:01:31.440 [main] DEBUG net.safety.alerts.service.PersonInfoService - List of persons found with lastname boyd : [Person(firstName=John, lastName=Boyd, address=1509 Culver St, city=Culver, zip=97451, phone=841-874-6512, email=jaboyd@email.com), Person(firstName=Jacob, lastName=Boyd, address=1509 Culver St, city=Culver, zip=97451, phone=841-874-6513, email=drk@email.com), Person(firstName=Tenley, lastName=Boyd, address=1509 Culver St, city=Culver, zip=97451, phone=841-874-6512, email=tenz@email.com), Person(firstName=Roger, lastName=Boyd, address=1509 Culver St, city=Culver, zip=97451, phone=841-874-6512, email=jaboyd@email.com), Person(firstName=Felicia, lastName=Boyd, address=1509 Culver St, city=Culver, zip=97451, phone=841-874-6544, email=jaboyd@email.com), Person(firstName=Allison, lastName=Boyd, address=112 Steppes Pl, city=Culver, zip=97451, phone=841-874-9888, email=aly@imail.com)]
12:01:31.441 [main] INFO  net.safety.alerts.service.PersonInfoService - Create a list of persons having the same lastname boyd
12:01:31.442 [main] DEBUG net.safety.alerts.service.PersonInfoService - For firstname John and lastname Boyd, create person infos object
12:01:31.442 [main] DEBUG net.safety.alerts.service.PersonInfoService - For firstname Jacob and lastname Boyd, create person infos object
12:01:31.442 [main] DEBUG net.safety.alerts.service.PersonInfoService - For firstname Tenley and lastname Boyd, create person infos object
12:01:31.442 [main] DEBUG net.safety.alerts.service.PersonInfoService - For firstname Roger and lastname Boyd, create person infos object
12:01:31.442 [main] DEBUG net.safety.alerts.service.PersonInfoService - For firstname Felicia and lastname Boyd, create person infos object
12:01:31.442 [main] DEBUG net.safety.alerts.service.PersonInfoService - For firstname Allison and lastname Boyd, create person infos object
12:01:31.442 [main] DEBUG net.safety.alerts.service.PersonInfoService - List of persons with medical data added : [PersonInfoDTO(fullName=John Boyd, address=1509 Culver St, age=39, email=jaboyd@email.com, medicalInfos={allergies=[nillacilan], medications=[aznol:350mg, hydrapermazol:100mg]}), PersonInfoDTO(fullName=Jacob Boyd, address=1509 Culver St, age=34, email=drk@email.com, medicalInfos={allergies=[], medications=[pharmacol:5000mg, terazine:10mg, noznazol:250mg]}), PersonInfoDTO(fullName=Tenley Boyd, address=1509 Culver St, age=12, email=tenz@email.com, medicalInfos={allergies=[peanut], medications=[]}), PersonInfoDTO(fullName=Roger Boyd, address=1509 Culver St, age=6, email=jaboyd@email.com, medicalInfos={allergies=[], medications=[]}), PersonInfoDTO(fullName=Felicia Boyd, address=1509 Culver St, age=38, email=jaboyd@email.com, medicalInfos={allergies=[xilliathal], medications=[tetracyclaz:650mg]}), PersonInfoDTO(fullName=Allison Boyd, address=112 Steppes Pl, age=58, email=aly@imail.com, medicalInfos={allergies=[nillacilan], medications=[aznol:200mg]})]
12:01:31.446 [main] INFO  net.safety.alerts.controller.PersonInfoController - Request launched : http://localhost/personInfo?firstName&lastName=bOyd
12:01:31.447 [main] DEBUG net.safety.alerts.service.PersonInfoService - Almost one person was found with lastname bOyd
12:01:31.447 [main] INFO  net.safety.alerts.service.PersonInfoService - Create a list of person found with lastname : bOyd
12:01:31.449 [main] DEBUG net.safety.alerts.service.PersonInfoService - List of persons found with lastname bOyd : [Person(firstName=John, lastName=Boyd, address=1509 Culver St, city=Culver, zip=97451, phone=841-874-6512, email=jaboyd@email.com), Person(firstName=Jacob, lastName=Boyd, address=1509 Culver St, city=Culver, zip=97451, phone=841-874-6513, email=drk@email.com), Person(firstName=Tenley, lastName=Boyd, address=1509 Culver St, city=Culver, zip=97451, phone=841-874-6512, email=tenz@email.com), Person(firstName=Roger, lastName=Boyd, address=1509 Culver St, city=Culver, zip=97451, phone=841-874-6512, email=jaboyd@email.com), Person(firstName=Felicia, lastName=Boyd, address=1509 Culver St, city=Culver, zip=97451, phone=841-874-6544, email=jaboyd@email.com), Person(firstName=Allison, lastName=Boyd, address=112 Steppes Pl, city=Culver, zip=97451, phone=841-874-9888, email=aly@imail.com)]
12:01:31.450 [main] INFO  net.safety.alerts.service.PersonInfoService - Create a list of persons having the same lastname bOyd
12:01:31.450 [main] DEBUG net.safety.alerts.service.PersonInfoService - For firstname John and lastname Boyd, create person infos object
12:01:31.450 [main] DEBUG net.safety.alerts.service.PersonInfoService - For firstname Jacob and lastname Boyd, create person infos object
12:01:31.450 [main] DEBUG net.safety.alerts.service.PersonInfoService - For firstname Tenley and lastname Boyd, create person infos object
12:01:31.450 [main] DEBUG net.safety.alerts.service.PersonInfoService - For firstname Roger and lastname Boyd, create person infos object
12:01:31.450 [main] DEBUG net.safety.alerts.service.PersonInfoService - For firstname Felicia and lastname Boyd, create person infos object
12:01:31.450 [main] DEBUG net.safety.alerts.service.PersonInfoService - For firstname Allison and lastname Boyd, create person infos object
12:01:31.450 [main] DEBUG net.safety.alerts.service.PersonInfoService - List of persons with medical data added : [PersonInfoDTO(fullName=John Boyd, address=1509 Culver St, age=39, email=jaboyd@email.com, medicalInfos={allergies=[nillacilan], medications=[aznol:350mg, hydrapermazol:100mg]}), PersonInfoDTO(fullName=Jacob Boyd, address=1509 Culver St, age=34, email=drk@email.com, medicalInfos={allergies=[], medications=[pharmacol:5000mg, terazine:10mg, noznazol:250mg]}), PersonInfoDTO(fullName=Tenley Boyd, address=1509 Culver St, age=12, email=tenz@email.com, medicalInfos={allergies=[peanut], medications=[]}), PersonInfoDTO(fullName=Roger Boyd, address=1509 Culver St, age=6, email=jaboyd@email.com, medicalInfos={allergies=[], medications=[]}), PersonInfoDTO(fullName=Felicia Boyd, address=1509 Culver St, age=38, email=jaboyd@email.com, medicalInfos={allergies=[xilliathal], medications=[tetracyclaz:650mg]}), PersonInfoDTO(fullName=Allison Boyd, address=112 Steppes Pl, age=58, email=aly@imail.com, medicalInfos={allergies=[nillacilan], medications=[aznol:200mg]})]
12:01:31.455 [main] INFO  net.safety.alerts.controller.PersonInfoController - Request launched : http://localhost/personInfo?firstName=Allison&lastName=Boyd
12:01:31.456 [main] DEBUG net.safety.alerts.service.PersonInfoService - Person was found with Allison and Boyd
12:01:31.456 [main] INFO  net.safety.alerts.service.PersonInfoService - Create a list of person found with lastname : Boyd
12:01:31.457 [main] DEBUG net.safety.alerts.service.PersonInfoService - List of persons found with lastname Boyd : [Person(firstName=John, lastName=Boyd, address=1509 Culver St, city=Culver, zip=97451, phone=841-874-6512, email=jaboyd@email.com), Person(firstName=Jacob, lastName=Boyd, address=1509 Culver St, city=Culver, zip=97451, phone=841-874-6513, email=drk@email.com), Person(firstName=Tenley, lastName=Boyd, address=1509 Culver St, city=Culver, zip=97451, phone=841-874-6512, email=tenz@email.com), Person(firstName=Roger, lastName=Boyd, address=1509 Culver St, city=Culver, zip=97451, phone=841-874-6512, email=jaboyd@email.com), Person(firstName=Felicia, lastName=Boyd, address=1509 Culver St, city=Culver, zip=97451, phone=841-874-6544, email=jaboyd@email.com), Person(firstName=Allison, lastName=Boyd, address=112 Steppes Pl, city=Culver, zip=97451, phone=841-874-9888, email=aly@imail.com)]
12:01:31.462 [main] INFO  net.safety.alerts.controller.PersonInfoController - Request launched : http://localhost/personInfo?firstName=allison&lastName=BOYD
12:01:31.463 [main] DEBUG net.safety.alerts.service.PersonInfoService - Person was found with allison and BOYD
12:01:31.463 [main] INFO  net.safety.alerts.service.PersonInfoService - Create a list of person found with lastname : BOYD
12:01:31.464 [main] DEBUG net.safety.alerts.service.PersonInfoService - List of persons found with lastname BOYD : [Person(firstName=John, lastName=Boyd, address=1509 Culver St, city=Culver, zip=97451, phone=841-874-6512, email=jaboyd@email.com), Person(firstName=Jacob, lastName=Boyd, address=1509 Culver St, city=Culver, zip=97451, phone=841-874-6513, email=drk@email.com), Person(firstName=Tenley, lastName=Boyd, address=1509 Culver St, city=Culver, zip=97451, phone=841-874-6512, email=tenz@email.com), Person(firstName=Roger, lastName=Boyd, address=1509 Culver St, city=Culver, zip=97451, phone=841-874-6512, email=jaboyd@email.com), Person(firstName=Felicia, lastName=Boyd, address=1509 Culver St, city=Culver, zip=97451, phone=841-874-6544, email=jaboyd@email.com), Person(firstName=Allison, lastName=Boyd, address=112 Steppes Pl, city=Culver, zip=97451, phone=841-874-9888, email=aly@imail.com)]
12:01:31.472 [main] INFO  net.safety.alerts.controller.PersonInfoController - Request launched : http://localhost/personInfo?firstName=allisOn&lastName=boyd
12:01:31.473 [main] DEBUG net.safety.alerts.service.PersonInfoService - Person was found with allisOn and boyd
12:01:31.473 [main] INFO  net.safety.alerts.service.PersonInfoService - Create a list of person found with lastname : boyd
12:01:31.473 [main] DEBUG net.safety.alerts.service.PersonInfoService - List of persons found with lastname boyd : [Person(firstName=John, lastName=Boyd, address=1509 Culver St, city=Culver, zip=97451, phone=841-874-6512, email=jaboyd@email.com), Person(firstName=Jacob, lastName=Boyd, address=1509 Culver St, city=Culver, zip=97451, phone=841-874-6513, email=drk@email.com), Person(firstName=Tenley, lastName=Boyd, address=1509 Culver St, city=Culver, zip=97451, phone=841-874-6512, email=tenz@email.com), Person(firstName=Roger, lastName=Boyd, address=1509 Culver St, city=Culver, zip=97451, phone=841-874-6512, email=jaboyd@email.com), Person(firstName=Felicia, lastName=Boyd, address=1509 Culver St, city=Culver, zip=97451, phone=841-874-6544, email=jaboyd@email.com), Person(firstName=Allison, lastName=Boyd, address=112 Steppes Pl, city=Culver, zip=97451, phone=841-874-9888, email=aly@imail.com)]
12:01:31.479 [main] INFO  net.safety.alerts.controller.PersonInfoController - Request launched : http://localhost/personInfo?firstName=ALLISON&lastName=bOyd
12:01:31.480 [main] DEBUG net.safety.alerts.service.PersonInfoService - Person was found with ALLISON and bOyd
12:01:31.480 [main] INFO  net.safety.alerts.service.PersonInfoService - Create a list of person found with lastname : bOyd
12:01:31.481 [main] DEBUG net.safety.alerts.service.PersonInfoService - List of persons found with lastname bOyd : [Person(firstName=John, lastName=Boyd, address=1509 Culver St, city=Culver, zip=97451, phone=841-874-6512, email=jaboyd@email.com), Person(firstName=Jacob, lastName=Boyd, address=1509 Culver St, city=Culver, zip=97451, phone=841-874-6513, email=drk@email.com), Person(firstName=Tenley, lastName=Boyd, address=1509 Culver St, city=Culver, zip=97451, phone=841-874-6512, email=tenz@email.com), Person(firstName=Roger, lastName=Boyd, address=1509 Culver St, city=Culver, zip=97451, phone=841-874-6512, email=jaboyd@email.com), Person(firstName=Felicia, lastName=Boyd, address=1509 Culver St, city=Culver, zip=97451, phone=841-874-6544, email=jaboyd@email.com), Person(firstName=Allison, lastName=Boyd, address=112 Steppes Pl, city=Culver, zip=97451, phone=841-874-9888, email=aly@imail.com)]
12:01:31.502 [main] INFO  net.safety.alerts.controller.PhoneAlertController - Request launched : http://localhost/phoneAlert?firestation=3
12:01:31.505 [main] DEBUG net.safety.alerts.service.PhoneAlertService - Method getPhonesByFireStation(3) returns a list of phones : [841-874-6741, 841-874-6544, 841-874-6874, 841-874-6512, 841-874-6513, 841-874-8888, 841-874-9888]
12:01:31.523 [main] INFO  net.safety.alerts.controller.PhoneAlertController - Request launched : http://localhost/phoneAlert?firestation=1
12:01:31.530 [main] DEBUG net.safety.alerts.service.PhoneAlertService - Method getPhonesByFireStation(1) returns a list of phones : [841-874-7784, 841-874-7462, 841-874-6512, 841-874-8547]
12:01:31.577 [main] INFO  net.safety.alerts.controller.PhoneAlertController - Request launched : http://localhost/phoneAlert?firestation=5
12:01:31.578 [main] DEBUG net.safety.alerts.service.FireStationService - No station number 5 exists in the list of firestations.
12:01:31.578 [main] DEBUG net.safety.alerts.controller.PhoneAlertController - Station number 5 does not exist.
12:01:31.588 [main] INFO  net.safety.alerts.controller.PhoneAlertController - Request launched : http://localhost/phoneAlert?firestation=11
12:01:31.591 [main] DEBUG net.safety.alerts.service.FireStationService - No station number 11 exists in the list of firestations.
12:01:31.591 [main] DEBUG net.safety.alerts.controller.PhoneAlertController - Station number 11 does not exist.
